<?xml version="1.0" encoding="UTF-8"?>
<testng-results ignored="0" total="1" passed="1" failed="0" skipped="0">
  <reporter-output>
  </reporter-output>
  <suite started-at="2020-09-30T04:13:32Z" name="Parallel Testing Suite" finished-at="2020-09-30T04:14:05Z" duration-ms="32913">
    <groups>
    </groups>
    <test started-at="2020-09-30T04:13:32Z" name="Test01" finished-at="2020-09-30T04:14:05Z" duration-ms="32913">
      <class name="testScripts.TestScript1">
        <test-method is-config="true" signature="setup(java.lang.String, java.lang.String, java.lang.String, java.lang.String, java.lang.String)[pri:0, instance:testScripts.TestScript1@2a266d09]" started-at="2020-09-30T11:13:32Z" name="setup" finished-at="2020-09-30T11:13:58Z" duration-ms="26035" status="PASS">
          <params>
            <param index="0">
              <value>
                <![CDATA[Pixel_XL_API_28]]>
              </value>
            </param>
            <param index="1">
              <value>
                <![CDATA[emulator-5560]]>
              </value>
            </param>
            <param index="2">
              <value>
                <![CDATA[9.0]]>
              </value>
            </param>
            <param index="3">
              <value>
                <![CDATA[http://0.0.0.0:4723/wd/hub]]>
              </value>
            </param>
            <param index="4">
              <value>
                <![CDATA[8206]]>
              </value>
            </param>
          </params>
          <reporter-output>
          </reporter-output>
        </test-method> <!-- setup -->
        <test-method signature="setup()[pri:0, instance:testScripts.TestScript1@2a266d09]" started-at="2020-09-30T11:13:58Z" name="setup" finished-at="2020-09-30T11:14:05Z" duration-ms="6867" status="PASS">
          <reporter-output>
          </reporter-output>
        </test-method> <!-- setup -->
      </class> <!-- testScripts.TestScript1 -->
    </test> <!-- Test01 -->
  </suite> <!-- Parallel Testing Suite -->
</testng-results>
